c:\users\dell\desktop\maze-master\maze-master\maze\debug\vc120.pdb
c:\users\dell\desktop\maze-master\maze-master\maze\debug\vc120.idb
c:\users\dell\desktop\maze-master\maze-master\maze\debug\adventrue.obj
c:\users\dell\desktop\maze-master\maze-master\maze\debug\dungeon.obj
c:\users\dell\desktop\maze-master\maze-master\maze\debug\forest.obj
c:\users\dell\desktop\maze-master\maze-master\maze\debug\help.obj
c:\users\dell\desktop\maze-master\maze-master\maze\debug\infernal.obj
c:\users\dell\desktop\maze-master\maze-master\maze\debug\maze.obj
c:\users\dell\desktop\maze-master\maze-master\maze\debug\other.obj
f:\桌面文件\研究与开发实践\maze-master\maze-master\maze\debug\vc120.pdb
f:\桌面文件\研究与开发实践\maze-master\maze-master\maze\debug\vc120.idb
f:\桌面文件\研究与开发实践\maze-master\maze-master\maze\debug\adventrue.obj
f:\桌面文件\研究与开发实践\maze-master\maze-master\maze\debug\dungeon.obj
f:\桌面文件\研究与开发实践\maze-master\maze-master\maze\debug\forest.obj
f:\桌面文件\研究与开发实践\maze-master\maze-master\maze\debug\help.obj
f:\桌面文件\研究与开发实践\maze-master\maze-master\maze\debug\infernal.obj
f:\桌面文件\研究与开发实践\maze-master\maze-master\maze\debug\maze.obj
f:\桌面文件\研究与开发实践\maze-master\maze-master\maze\debug\other.obj
c:\users\dell\desktop\maze-master\maze-master\maze\debug\maze.ilk
c:\users\dell\desktop\maze-master\maze-master\maze\debug\maze.exe
c:\users\dell\desktop\maze-master\maze-master\maze\debug\maze.pdb
f:\桌面文件\研究与开发实践\maze-master\maze-master\maze\debug\maze.ilk
f:\桌面文件\研究与开发实践\maze-master\maze-master\maze\debug\maze.exe
f:\桌面文件\研究与开发实践\maze-master\maze-master\maze\debug\maze.pdb
f:\桌面文件\研究与开发实践\maze-master\maze-master\maze\debug\maze.tlog\cl.command.1.tlog
f:\桌面文件\研究与开发实践\maze-master\maze-master\maze\debug\maze.tlog\cl.read.1.tlog
f:\桌面文件\研究与开发实践\maze-master\maze-master\maze\debug\maze.tlog\cl.write.1.tlog
f:\桌面文件\研究与开发实践\maze-master\maze-master\maze\debug\maze.tlog\link.command.1.tlog
f:\桌面文件\研究与开发实践\maze-master\maze-master\maze\debug\maze.tlog\link.read.1.tlog
f:\桌面文件\研究与开发实践\maze-master\maze-master\maze\debug\maze.tlog\link.write.1.tlog
