生成启动时间为 2021-11-03 11:10:16。
     1>项目“F:\桌面文件\研究与开发实践\Maze-master\Maze\Maze.vcxproj”在节点 2 上(Build 个目标)。
     1>ClCompile:
         F:\vs2013\VC\bin\CL.exe /c /ZI /nologo /W3 /WX- /Od /Oy- /D WIN32 /D _DEBUG /D _CONSOLE /D _USING_V110_SDK71_ /D _UNICODE /D UNICODE /Gm /EHsc /RTC1 /MDd /GS /fp:precise /Zc:wchar_t /Zc:forScope /Fo"Debug\\" /Fd"Debug\vc120.pdb" /Gd /TP /analyze- /errorReport:prompt Adventrue.cpp Dungeon.cpp Forest.cpp Help.cpp Infernal.cpp Maze.cpp Other.cpp
         Other.cpp
     1>f:\桌面文件\研究与开发实践\maze-master\maze\other.cpp(65): warning C4996: 'MouseHit': This function is deprecated.
                 f:\vs2013\vc\include\graphics.h(156) : 参见“MouseHit”的声明
     1>f:\桌面文件\研究与开发实践\maze-master\maze\other.cpp(66): warning C4996: 'GetMouseMsg': This function is deprecated. Instead, use this new function: getmessage. See https://docs.easyx.cn/getmessage for details.
                 f:\vs2013\vc\include\graphics.h(157) : 参见“GetMouseMsg”的声明
         Maze.cpp
         Infernal.cpp
     1>f:\桌面文件\研究与开发实践\maze-master\maze\infernal.cpp(38): warning C4996: 'MouseHit': This function is deprecated.
                 f:\vs2013\vc\include\graphics.h(156) : 参见“MouseHit”的声明
     1>f:\桌面文件\研究与开发实践\maze-master\maze\infernal.cpp(39): warning C4996: 'GetMouseMsg': This function is deprecated. Instead, use this new function: getmessage. See https://docs.easyx.cn/getmessage for details.
                 f:\vs2013\vc\include\graphics.h(157) : 参见“GetMouseMsg”的声明
         Help.cpp
     1>f:\桌面文件\研究与开发实践\maze-master\maze\help.cpp(19): warning C4996: 'MouseHit': This function is deprecated.
                 f:\vs2013\vc\include\graphics.h(156) : 参见“MouseHit”的声明
     1>f:\桌面文件\研究与开发实践\maze-master\maze\help.cpp(20): warning C4996: 'GetMouseMsg': This function is deprecated. Instead, use this new function: getmessage. See https://docs.easyx.cn/getmessage for details.
                 f:\vs2013\vc\include\graphics.h(157) : 参见“GetMouseMsg”的声明
         Forest.cpp
     1>f:\桌面文件\研究与开发实践\maze-master\maze\forest.cpp(38): warning C4996: 'MouseHit': This function is deprecated.
                 f:\vs2013\vc\include\graphics.h(156) : 参见“MouseHit”的声明
     1>f:\桌面文件\研究与开发实践\maze-master\maze\forest.cpp(39): warning C4996: 'GetMouseMsg': This function is deprecated. Instead, use this new function: getmessage. See https://docs.easyx.cn/getmessage for details.
                 f:\vs2013\vc\include\graphics.h(157) : 参见“GetMouseMsg”的声明
         Dungeon.cpp
     1>f:\桌面文件\研究与开发实践\maze-master\maze\dungeon.cpp(38): warning C4996: 'MouseHit': This function is deprecated.
                 f:\vs2013\vc\include\graphics.h(156) : 参见“MouseHit”的声明
     1>f:\桌面文件\研究与开发实践\maze-master\maze\dungeon.cpp(39): warning C4996: 'GetMouseMsg': This function is deprecated. Instead, use this new function: getmessage. See https://docs.easyx.cn/getmessage for details.
                 f:\vs2013\vc\include\graphics.h(157) : 参见“GetMouseMsg”的声明
         Adventrue.cpp
     1>f:\桌面文件\研究与开发实践\maze-master\maze\adventrue.cpp(35): warning C4996: 'MouseHit': This function is deprecated.
                 f:\vs2013\vc\include\graphics.h(156) : 参见“MouseHit”的声明
     1>f:\桌面文件\研究与开发实践\maze-master\maze\adventrue.cpp(36): warning C4996: 'GetMouseMsg': This function is deprecated. Instead, use this new function: getmessage. See https://docs.easyx.cn/getmessage for details.
                 f:\vs2013\vc\include\graphics.h(157) : 参见“GetMouseMsg”的声明
     1>f:\桌面文件\研究与开发实践\maze-master\maze\adventrue.cpp(129): warning C4996: 'MouseHit': This function is deprecated.
                 f:\vs2013\vc\include\graphics.h(156) : 参见“MouseHit”的声明
     1>f:\桌面文件\研究与开发实践\maze-master\maze\adventrue.cpp(130): warning C4996: 'GetMouseMsg': This function is deprecated. Instead, use this new function: getmessage. See https://docs.easyx.cn/getmessage for details.
                 f:\vs2013\vc\include\graphics.h(157) : 参见“GetMouseMsg”的声明
     1>f:\桌面文件\研究与开发实践\maze-master\maze\adventrue.cpp(180): warning C4996: 'MouseHit': This function is deprecated.
                 f:\vs2013\vc\include\graphics.h(156) : 参见“MouseHit”的声明
     1>f:\桌面文件\研究与开发实践\maze-master\maze\adventrue.cpp(181): warning C4996: 'GetMouseMsg': This function is deprecated. Instead, use this new function: getmessage. See https://docs.easyx.cn/getmessage for details.
                 f:\vs2013\vc\include\graphics.h(157) : 参见“GetMouseMsg”的声明
         正在生成代码...
       Link:
         F:\vs2013\VC\bin\link.exe /ERRORREPORT:PROMPT /OUT:"F:\桌面文件\研究与开发实践\Maze-master\Maze\Debug\Maze.exe" /INCREMENTAL /NOLOGO kernel32.lib user32.lib gdi32.lib winspool.lib comdlg32.lib advapi32.lib shell32.lib ole32.lib oleaut32.lib uuid.lib odbc32.lib odbccp32.lib /MANIFEST /MANIFESTUAC:"level='asInvoker' uiAccess='false'" /manifest:embed /DEBUG /PDB:"F:\桌面文件\研究与开发实践\Maze-master\Maze\Debug\Maze.pdb" /SUBSYSTEM:CONSOLE,"5.01" /TLBID:1 /DYNAMICBASE /NXCOMPAT /IMPLIB:"F:\桌面文件\研究与开发实践\Maze-master\Maze\Debug\Maze.lib" /MACHINE:X86 Debug\Adventrue.obj
         Debug\Dungeon.obj
         Debug\Forest.obj
         Debug\Help.obj
         Debug\Infernal.obj
         Debug\Maze.obj
         Debug\Other.obj
         Maze.vcxproj -> F:\桌面文件\研究与开发实践\Maze-master\Maze\Debug\Maze.exe
     1>已完成生成项目“F:\桌面文件\研究与开发实践\Maze-master\Maze\Maze.vcxproj”(Build 个目标)的操作。

生成成功。

已用时间 00:00:08.40
