生成启动时间为 2021-11-22 15:30:21。
     1>项目“F:\桌面文件\研究与开发实践\Maze\代码及图片\Maze.vcxproj”在节点 2 上(Build 个目标)。
     1>C:\Program Files (x86)\MSBuild\Microsoft.Cpp\v4.0\V120\Microsoft.CppBuild.targets(388,5): warning MSB8028: The intermediate directory (Debug\) contains files shared from another project (GameMaze.vcxproj, Maze.vcxproj).  This can lead to incorrect clean and rebuild behavior.
     1>ClCompile:
         F:\vs2013\VC\bin\CL.exe /c /ZI /nologo /W3 /WX- /Od /Oy- /D WIN32 /D _DEBUG /D _CONSOLE /D _USING_V110_SDK71_ /D _UNICODE /D UNICODE /Gm /EHsc /RTC1 /MDd /GS /fp:precise /Zc:wchar_t /Zc:forScope /Fo"Debug\\" /Fd"Debug\vc120.pdb" /Gd /TP /analyze- /errorReport:prompt Adventrue.cpp Ccoin.cpp Cmonster.cpp Cnormal.cpp GameMaze.cpp Help.cpp Other.cpp
         Cmonster.cpp
     1>f:\桌面文件\研究与开发实践\maze\代码及图片\cmonster.cpp(36): warning C4996: 'MouseHit': This function is deprecated.
                 f:\vs2013\vc\include\graphics.h(156) : 参见“MouseHit”的声明
     1>f:\桌面文件\研究与开发实践\maze\代码及图片\cmonster.cpp(37): warning C4996: 'GetMouseMsg': This function is deprecated. Instead, use this new function: getmessage. See https://docs.easyx.cn/getmessage for details.
                 f:\vs2013\vc\include\graphics.h(157) : 参见“GetMouseMsg”的声明
     1>f:\桌面文件\研究与开发实践\maze\代码及图片\cmonster.cpp(191): warning C4101: “pas2”: 未引用的局部变量
     1>f:\桌面文件\研究与开发实践\maze\代码及图片\cmonster.cpp(191): warning C4101: “pas1”: 未引用的局部变量
     1>f:\桌面文件\研究与开发实践\maze\代码及图片\cmonster.cpp(191): warning C4101: “coin_text”: 未引用的局部变量
         Adventrue.cpp
     1>f:\桌面文件\研究与开发实践\maze\代码及图片\adventrue.cpp(35): warning C4996: 'MouseHit': This function is deprecated.
                 f:\vs2013\vc\include\graphics.h(156) : 参见“MouseHit”的声明
     1>f:\桌面文件\研究与开发实践\maze\代码及图片\adventrue.cpp(36): warning C4996: 'GetMouseMsg': This function is deprecated. Instead, use this new function: getmessage. See https://docs.easyx.cn/getmessage for details.
                 f:\vs2013\vc\include\graphics.h(157) : 参见“GetMouseMsg”的声明
     1>f:\桌面文件\研究与开发实践\maze\代码及图片\adventrue.cpp(101): error C2039: “mon_x”: 不是“CAdventrue”的成员
                 f:\桌面文件\研究与开发实践\maze\代码及图片\game.h(24) : 参见“CAdventrue”的声明
     1>f:\桌面文件\研究与开发实践\maze\代码及图片\adventrue.cpp(102): error C2039: “mon_y”: 不是“CAdventrue”的成员
                 f:\桌面文件\研究与开发实践\maze\代码及图片\game.h(24) : 参见“CAdventrue”的声明
         正在生成代码...
         正在跳过...(未检测到相关更改)
         Other.cpp
         Help.cpp
         GameMaze.cpp
         Cnormal.cpp
         Ccoin.cpp
     1>已完成生成项目“F:\桌面文件\研究与开发实践\Maze\代码及图片\Maze.vcxproj”(Build 个目标)的操作 - 失败。

生成失败。

已用时间 00:00:00.97
