f:\桌面文件\研究与开发实践\maze\代码及图片\debug\vc120.pdb
f:\桌面文件\研究与开发实践\maze\代码及图片\debug\vc120.idb
f:\桌面文件\研究与开发实践\maze\代码及图片\debug\adventure.obj
f:\桌面文件\研究与开发实践\maze\代码及图片\debug\ccoin.obj
f:\桌面文件\研究与开发实践\maze\代码及图片\debug\cextreme.obj
f:\桌面文件\研究与开发实践\maze\代码及图片\debug\cmonster.obj
f:\桌面文件\研究与开发实践\maze\代码及图片\debug\help.obj
f:\桌面文件\研究与开发实践\maze\代码及图片\debug\cnormal.obj
f:\桌面文件\研究与开发实践\maze\代码及图片\debug\gamemaze.obj
f:\桌面文件\研究与开发实践\maze\代码及图片\debug\other.obj
f:\桌面文件\研究与开发实践\maze\代码及图片\debug\mazeadventure.pdb
f:\桌面文件\研究与开发实践\maze\代码及图片\debug\mazeadventure.tlog\cl.command.1.tlog
f:\桌面文件\研究与开发实践\maze\代码及图片\debug\mazeadventure.tlog\cl.read.1.tlog
f:\桌面文件\研究与开发实践\maze\代码及图片\debug\mazeadventure.tlog\cl.write.1.tlog
f:\桌面文件\研究与开发实践\maze\代码及图片\debug\mazeadventure.tlog\link-cvtres.read.1.tlog
f:\桌面文件\研究与开发实践\maze\代码及图片\debug\mazeadventure.tlog\link-cvtres.write.1.tlog
f:\桌面文件\研究与开发实践\maze\代码及图片\debug\mazeadventure.tlog\link-rc.read.1.tlog
f:\桌面文件\研究与开发实践\maze\代码及图片\debug\mazeadventure.tlog\link-rc.write.1.tlog
f:\桌面文件\研究与开发实践\maze\代码及图片\debug\mazeadventure.tlog\link.command.1.tlog
f:\桌面文件\研究与开发实践\maze\代码及图片\debug\mazeadventure.tlog\link.read.1.tlog
f:\桌面文件\研究与开发实践\maze\代码及图片\debug\mazeadventure.tlog\link.write.1.tlog
